10/9/2023, 5:08:38 PM [ERROR]: Error in sending featureset Error: Table 'portalbeta.mqttfeatureset' doesn't exist
10/9/2023, 5:55:34 PM [ERROR]: Error in sending featureset Error: Table 'portalbeta.mqttfeatureset' doesn't exist
10/15/2023, 10:07:23 PM [ERROR]: Error in sending featureset Error: Table 'portalbeta.mqttfeatureset' doesn't exist
10/15/2023, 10:33:56 PM [ERROR]: sendEmail error: Invalid login: 535-5.7.8 Username and Password not accepted. Learn more at
535 5.7.8  https://support.google.com/mail/?p=BadCredentials v15-20020a63b64f000000b00528db73ed70sm5569532pgt.3 - gsmtp
10/15/2023, 10:33:56 PM [ERROR]: Error updating user: Invalid login: 535-5.7.8 Username and Password not accepted. Learn more at
535 5.7.8  https://support.google.com/mail/?p=BadCredentials v15-20020a63b64f000000b00528db73ed70sm5569532pgt.3 - gsmtp
10/15/2023, 10:36:06 PM [ERROR]: sendEmail error: Invalid login: 535-5.7.8 Username and Password not accepted. Learn more at
535 5.7.8  https://support.google.com/mail/?p=BadCredentials 14-20020a17090a19ce00b002630c9d78aasm3587043pjj.5 - gsmtp
10/15/2023, 10:36:06 PM [ERROR]: Error updating user: Invalid login: 535-5.7.8 Username and Password not accepted. Learn more at
535 5.7.8  https://support.google.com/mail/?p=BadCredentials 14-20020a17090a19ce00b002630c9d78aasm3587043pjj.5 - gsmtp
10/15/2023, 10:36:29 PM [ERROR]: sendEmail error: Invalid login: 535-5.7.8 Username and Password not accepted. Learn more at
535 5.7.8  https://support.google.com/mail/?p=BadCredentials jc3-20020a17090325c300b001c9bca1d705sm7065621plb.242 - gsmtp
10/15/2023, 10:36:29 PM [ERROR]: Error updating user: Invalid login: 535-5.7.8 Username and Password not accepted. Learn more at
535 5.7.8  https://support.google.com/mail/?p=BadCredentials jc3-20020a17090325c300b001c9bca1d705sm7065621plb.242 - gsmtp
10/15/2023, 11:13:37 PM [ERROR]: Logout error: invalid token
10/15/2023, 11:14:14 PM [ERROR]: Logout error: invalid token
10/15/2023, 11:17:13 PM [ERROR]: Logout error: invalid token
10/15/2023, 11:29:47 PM [ERROR]: Error in adding device: TypeError: Bind parameters must not contain undefined. To pass SQL NULL specify JS null
10/15/2023, 11:29:58 PM [ERROR]: Error in adding device: TypeError: Bind parameters must not contain undefined. To pass SQL NULL specify JS null
10/18/2023, 3:00:06 PM [ERROR]: Error in adding device: TypeError: Bind parameters must not contain undefined. To pass SQL NULL specify JS null
10/18/2023, 3:04:19 PM [ERROR]: Error in adding device: TypeError: Bind parameters must not contain undefined. To pass SQL NULL specify JS null
10/18/2023, 3:04:50 PM [ERROR]: Error in adding device: TypeError: Bind parameters must not contain undefined. To pass SQL NULL specify JS null
10/18/2023, 3:49:26 PM [ERROR]: Error in adding device: TypeError: Bind parameters must not contain undefined. To pass SQL NULL specify JS null
10/18/2023, 3:51:52 PM [ERROR]: Error in adding device: TypeError: Bind parameters must not contain undefined. To pass SQL NULL specify JS null
10/18/2023, 3:53:41 PM [ERROR]: Error in adding device: TypeError: Bind parameters must not contain undefined. To pass SQL NULL specify JS null
10/18/2023, 3:54:31 PM [ERROR]: Error in adding device: TypeError: Bind parameters must not contain undefined. To pass SQL NULL specify JS null
10/18/2023, 3:56:52 PM [ERROR]: Error in adding device: TypeError: Bind parameters must not contain undefined. To pass SQL NULL specify JS null
10/18/2023, 3:57:58 PM [ERROR]: Error in adding device: TypeError: Bind parameters must not contain undefined. To pass SQL NULL specify JS null
10/18/2023, 4:00:03 PM [ERROR]: Error in adding device: TypeError: Bind parameters must not contain undefined. To pass SQL NULL specify JS null
10/18/2023, 4:01:21 PM [ERROR]: Error in adding device: TypeError: Bind parameters must not contain undefined. To pass SQL NULL specify JS null
10/18/2023, 4:02:56 PM [ERROR]: Error in adding device: TypeError: Bind parameters must not contain undefined. To pass SQL NULL specify JS null
10/19/2023, 12:50:24 PM [ERROR]: Error in adding device: Error: Duplicate entry 'DMS_NLC_10' for key 'device_id'
10/19/2023, 1:24:47 PM [ERROR]: Error in deleting the device TypeError: Bind parameters must not contain undefined. To pass SQL NULL specify JS null
10/19/2023, 1:26:50 PM [ERROR]: Error in deleting the device TypeError: Bind parameters must not contain undefined. To pass SQL NULL specify JS null
10/19/2023, 3:40:45 PM [ERROR]: Error in adding device: Error: Duplicate entry 'DMS_NLC_22' for key 'device_id'
10/19/2023, 9:55:03 PM [ERROR]: Error in adding device: Error: Duplicate entry 'DMS_NLC_21' for key 'device_id'
10/19/2023, 9:55:08 PM [ERROR]: Error in sending featureset Error: Table 'portalbeta.mqttfeatureset' doesn't exist
10/19/2023, 11:38:52 PM [ERROR]: Error in sending featureset Error: Table 'portalbeta.mqttfeatureset' doesn't exist
10/20/2023, 12:12:03 PM [ERROR]: Error in sending featureset Error: Table 'portalbeta.mqttfeatureset' doesn't exist
10/20/2023, 12:35:34 PM [ERROR]: Error in adding device: Error: Duplicate entry 'DMS_NLC_28.999999999999996' for key 'device_id'
10/20/2023, 12:51:00 PM [ERROR]: Error in updating analytics thresholds: TypeError: Bind parameters must not contain undefined. To pass SQL NULL specify JS null
10/20/2023, 12:55:43 PM [ERROR]: Error in updating analytics thresholds: TypeError: Bind parameters must not contain undefined. To pass SQL NULL specify JS null
10/20/2023, 12:57:52 PM [ERROR]: Error in updating analytics thresholds: TypeError: Bind parameters must not contain undefined. To pass SQL NULL specify JS null
10/20/2023, 1:02:01 PM [ERROR]: Error in updating analytics thresholds: TypeError: Bind parameters must not contain undefined. To pass SQL NULL specify JS null
10/20/2023, 1:04:07 PM [ERROR]: Error in updating analytics thresholds: TypeError: Bind parameters must not contain undefined. To pass SQL NULL specify JS null
10/20/2023, 1:04:41 PM [ERROR]: Error in updating analytics thresholds: TypeError: Bind parameters must not contain undefined. To pass SQL NULL specify JS null
10/20/2023, 1:06:08 PM [ERROR]: Error in updating analytics thresholds: TypeError: Bind parameters must not contain undefined. To pass SQL NULL specify JS null
10/21/2023, 10:08:18 PM [ERROR]: Error in sending featureset Error: Table 'portalbeta.mqttfeatureset' doesn't exist
10/21/2023, 10:59:19 PM [ERROR]: Login error: Bind parameters must not contain undefined. To pass SQL NULL specify JS null
10/21/2023, 10:59:47 PM [ERROR]: Login error: Bind parameters must not contain undefined. To pass SQL NULL specify JS null
10/21/2023, 11:09:29 PM [ERROR]: Error in adding device: Error: Duplicate entry 'DMS_NLC_10' for key 'device_id'
10/21/2023, 11:33:29 PM [ERROR]: Error in deleting the Contacts TypeError: Bind parameters must not contain undefined. To pass SQL NULL specify JS null
10/21/2023, 11:33:59 PM [ERROR]: Error in deleting the Contacts TypeError: Bind parameters must not contain undefined. To pass SQL NULL specify JS null
10/21/2023, 11:35:12 PM [ERROR]: Error in deleting the Contacts TypeError: Bind parameters must not contain undefined. To pass SQL NULL specify JS null
10/25/2023, 1:19:56 AM [ERROR]: sendEmail error: Invalid login: 535-5.7.8 Username and Password not accepted. Learn more at
535 5.7.8  https://support.google.com/mail/?p=BadCredentials o21-20020a17090aac1500b00277246e857esm8988330pjq.23 - gsmtp
10/25/2023, 1:19:56 AM [ERROR]: Error updating user: Invalid login: 535-5.7.8 Username and Password not accepted. Learn more at
535 5.7.8  https://support.google.com/mail/?p=BadCredentials o21-20020a17090aac1500b00277246e857esm8988330pjq.23 - gsmtp
10/25/2023, 1:23:47 AM [ERROR]: sendEmail error: Invalid login: 535-5.7.8 Username and Password not accepted. Learn more at
535 5.7.8  https://support.google.com/mail/?p=BadCredentials m129-20020a633f87000000b0057825bd3448sm7451985pga.51 - gsmtp
10/25/2023, 1:23:47 AM [ERROR]: Error updating user: Invalid login: 535-5.7.8 Username and Password not accepted. Learn more at
535 5.7.8  https://support.google.com/mail/?p=BadCredentials m129-20020a633f87000000b0057825bd3448sm7451985pga.51 - gsmtp
